<?xml version="1.0" encoding="UTF-8"?>
<!-- Generated by org.testng.reporters.JUnitReportReporter -->
<testsuite ignored="0" hostname="LAPTOP-DBGPBEHF" failures="0" tests="1" name="com.ilab.selenium.SetUp" time="5.891" errors="0" timestamp="30 Jan 2022 17:02:43 GMT" skipped="0">
  <testcase classname="com.ilab.selenium.SetUp" name="setup" time="5.891"/>
</testsuite> <!-- com.ilab.selenium.SetUp -->
